2012-04-03 16:48:22,782 [http-bio-8080-exec-7] ERROR StackTrace  - Full Stack Trace:
org.springframework.security.core.userdetails.UsernameNotFoundException: User not found
	at sun.reflect.NativeConstructorAccessorImpl.newInstance0(Native Method)
	at sun.reflect.NativeConstructorAccessorImpl.newInstance(NativeConstructorAccessorImpl.java:39)
	at sun.reflect.DelegatingConstructorAccessorImpl.newInstance(DelegatingConstructorAccessorImpl.java:27)
	at java.lang.reflect.Constructor.newInstance(Constructor.java:513)
	at com.springsource.loaded.ri.ReflectiveInterceptor.jlrConstructorNewInstance(ReflectiveInterceptor.java:963)
	at org.codehaus.groovy.reflection.CachedConstructor.invoke(CachedConstructor.java:77)
	at org.codehaus.groovy.runtime.callsite.ConstructorSite$ConstructorSiteNoUnwrapNoCoerce.callConstructor(ConstructorSite.java:102)
	at org.codehaus.groovy.runtime.callsite.CallSiteArray.defaultCallConstructor(CallSiteArray.java:54)
	at org.codehaus.groovy.runtime.callsite.AbstractCallSite.callConstructor(AbstractCallSite.java:182)
	at org.codehaus.groovy.runtime.callsite.AbstractCallSite.callConstructor(AbstractCallSite.java:194)
	at org.codehaus.groovy.grails.plugins.springsecurity.GormUserDetailsService$_loadUserByUsername_closure1.doCall(GormUserDetailsService.groovy:62)
	at sun.reflect.NativeMethodAccessorImpl.invoke0(Native Method)
	at sun.reflect.NativeMethodAccessorImpl.invoke(NativeMethodAccessorImpl.java:39)
	at sun.reflect.DelegatingMethodAccessorImpl.invoke(DelegatingMethodAccessorImpl.java:25)
	at java.lang.reflect.Method.invoke(Method.java:597)
	at com.springsource.loaded.ri.OriginalClassInvoker.invoke(OriginalClassInvoker.java:34)
	at com.springsource.loaded.ri.ReflectiveInterceptor.jlrMethodInvoke(ReflectiveInterceptor.java:1260)
	at org.codehaus.groovy.reflection.CachedMethod.invoke(CachedMethod.java:90)
	at groovy.lang.MetaMethod.doMethodInvoke(MetaMethod.java:233)
	at groovy.lang.MetaClassImpl.invokeMethod(MetaClassImpl.java:1047)
	at groovy.lang.ExpandoMetaClass.invokeMethod(ExpandoMetaClass.java:1110)
	at groovy.lang.MetaClassImpl.invokeMethod(MetaClassImpl.java:877)
	at groovy.lang.Closure.call(Closure.java:412)
	at org.codehaus.groovy.grails.plugins.springsecurity.GormUserDetailsService$_loadUserByUsername_closure1.call(GormUserDetailsService.groovy)
	at org.codehaus.groovy.runtime.ConvertedClosure.invokeCustom(ConvertedClosure.java:51)
	at org.codehaus.groovy.runtime.ConversionHandler.invoke(ConversionHandler.java:82)
	at $Proxy27.doInTransaction(Unknown Source)
	at org.springframework.transaction.support.TransactionTemplate.execute(TransactionTemplate.java:130)
	at sun.reflect.NativeMethodAccessorImpl.invoke0(Native Method)
	at sun.reflect.NativeMethodAccessorImpl.invoke(NativeMethodAccessorImpl.java:39)
	at sun.reflect.DelegatingMethodAccessorImpl.invoke(DelegatingMethodAccessorImpl.java:25)
	at java.lang.reflect.Method.invoke(Method.java:597)
	at com.springsource.loaded.ri.ReflectiveInterceptor.jlrMethodInvoke(ReflectiveInterceptor.java:1237)
	at org.codehaus.groovy.runtime.callsite.PojoMetaMethodSite$PojoCachedMethodSite.invoke(PojoMetaMethodSite.java:189)
	at org.codehaus.groovy.runtime.callsite.PojoMetaMethodSite.call(PojoMetaMethodSite.java:53)
	at org.codehaus.groovy.runtime.callsite.CallSiteArray.defaultCall(CallSiteArray.java:42)
	at org.codehaus.groovy.runtime.callsite.AbstractCallSite.call(AbstractCallSite.java:108)
	at org.codehaus.groovy.runtime.callsite.AbstractCallSite.call(AbstractCallSite.java:116)
	at org.grails.datastore.gorm.GormStaticApi.withTransaction(GormStaticApi.groovy:573)
	at openinventory.security.User.withTransaction(User.groovy)
	at openinventory.security.User$withTransaction.call(Unknown Source)
	at org.codehaus.groovy.runtime.callsite.CallSiteArray.defaultCall(CallSiteArray.java:42)
	at org.codehaus.groovy.runtime.callsite.AbstractCallSite.call(AbstractCallSite.java:108)
	at org.codehaus.groovy.runtime.callsite.AbstractCallSite.call(AbstractCallSite.java:116)
	at org.codehaus.groovy.grails.plugins.springsecurity.GormUserDetailsService.loadUserByUsername(GormUserDetailsService.groovy:58)
	at org.codehaus.groovy.grails.plugins.springsecurity.GormUserDetailsService.loadUserByUsername(GormUserDetailsService.groovy:76)
	at org.springframework.security.authentication.dao.DaoAuthenticationProvider.retrieveUser(DaoAuthenticationProvider.java:86)
	at org.springframework.security.authentication.dao.AbstractUserDetailsAuthenticationProvider.authenticate(AbstractUserDetailsAuthenticationProvider.java:129)
	at org.springframework.security.authentication.ProviderManager.doAuthentication(ProviderManager.java:130)
	at org.springframework.security.authentication.AbstractAuthenticationManager.authenticate(AbstractAuthenticationManager.java:48)
	at org.springframework.security.web.authentication.UsernamePasswordAuthenticationFilter.attemptAuthentication(UsernamePasswordAuthenticationFilter.java:97)
	at org.codehaus.groovy.grails.plugins.springsecurity.RequestHolderAuthenticationFilter.attemptAuthentication(RequestHolderAuthenticationFilter.java)
	at org.springframework.security.web.authentication.AbstractAuthenticationProcessingFilter.doFilter(AbstractAuthenticationProcessingFilter.java:199)
	at org.codehaus.groovy.grails.plugins.springsecurity.RequestHolderAuthenticationFilter.doFilter(RequestHolderAuthenticationFilter.java:40)
	at org.springframework.security.web.FilterChainProxy$VirtualFilterChain.doFilter(FilterChainProxy.java:381)
	at org.codehaus.groovy.grails.plugins.springsecurity.MutableLogoutFilter.doFilter(MutableLogoutFilter.java:79)
	at org.springframework.security.web.FilterChainProxy$VirtualFilterChain.doFilter(FilterChainProxy.java:381)
	at org.springframework.security.web.context.SecurityContextPersistenceFilter.doFilter(SecurityContextPersistenceFilter.java:79)
	at org.springframework.security.web.FilterChainProxy$VirtualFilterChain.doFilter(FilterChainProxy.java:381)
	at org.springframework.security.web.FilterChainProxy.doFilter(FilterChainProxy.java:168)
	at org.springframework.web.filter.DelegatingFilterProxy.invokeDelegate(DelegatingFilterProxy.java:346)
	at org.springframework.web.filter.DelegatingFilterProxy.doFilter(DelegatingFilterProxy.java:259)
	at org.apache.catalina.core.ApplicationFilterChain.internalDoFilter(ApplicationFilterChain.java:243)
	at org.apache.catalina.core.ApplicationFilterChain.doFilter(ApplicationFilterChain.java:210)
	at org.codehaus.groovy.grails.web.servlet.mvc.GrailsWebRequestFilter.doFilterInternal(GrailsWebRequestFilter.java:69)
	at org.springframework.web.filter.OncePerRequestFilter.doFilter(OncePerRequestFilter.java:76)
	at org.apache.catalina.core.ApplicationFilterChain.internalDoFilter(ApplicationFilterChain.java:243)
	at org.apache.catalina.core.ApplicationFilterChain.doFilter(ApplicationFilterChain.java:210)
	at org.codehaus.groovy.grails.web.filters.HiddenHttpMethodFilter.doFilterInternal(HiddenHttpMethodFilter.java:65)
	at org.springframework.web.filter.OncePerRequestFilter.doFilter(OncePerRequestFilter.java:76)
	at org.apache.catalina.core.ApplicationFilterChain.internalDoFilter(ApplicationFilterChain.java:243)
	at org.apache.catalina.core.ApplicationFilterChain.doFilter(ApplicationFilterChain.java:210)
	at org.springframework.web.filter.CharacterEncodingFilter.doFilterInternal(CharacterEncodingFilter.java:88)
	at org.springframework.web.filter.OncePerRequestFilter.doFilter(OncePerRequestFilter.java:76)
	at org.springframework.web.filter.DelegatingFilterProxy.invokeDelegate(DelegatingFilterProxy.java:346)
	at org.springframework.web.filter.DelegatingFilterProxy.doFilter(DelegatingFilterProxy.java:259)
	at org.apache.catalina.core.ApplicationFilterChain.internalDoFilter(ApplicationFilterChain.java:243)
	at org.apache.catalina.core.ApplicationFilterChain.doFilter(ApplicationFilterChain.java:210)
	at org.apache.catalina.core.StandardWrapperValve.invoke(StandardWrapperValve.java:224)
	at org.apache.catalina.core.StandardContextValve.invoke(StandardContextValve.java:169)
	at org.apache.catalina.core.StandardHostValve.invoke(StandardHostValve.java:168)
	at org.apache.catalina.valves.ErrorReportValve.invoke(ErrorReportValve.java:98)
	at org.apache.catalina.core.StandardEngineValve.invoke(StandardEngineValve.java:118)
	at org.apache.catalina.connector.CoyoteAdapter.service(CoyoteAdapter.java:407)
	at org.apache.coyote.http11.AbstractHttp11Processor.process(AbstractHttp11Processor.java:987)
	at org.apache.coyote.AbstractProtocol$AbstractConnectionHandler.process(AbstractProtocol.java:579)
	at org.apache.tomcat.util.net.JIoEndpoint$SocketProcessor.run(JIoEndpoint.java:309)
	at java.util.concurrent.ThreadPoolExecutor$Worker.runTask(ThreadPoolExecutor.java:886)
	at java.util.concurrent.ThreadPoolExecutor$Worker.run(ThreadPoolExecutor.java:908)
	at java.lang.Thread.run(Thread.java:662)
2012-04-03 16:48:22,786 [http-bio-8080-exec-7] ERROR StackTrace  - Full Stack Trace:
org.springframework.security.core.userdetails.UsernameNotFoundException: User not found
	at org.grails.datastore.gorm.GormStaticApi.withTransaction(GormStaticApi.groovy:573)
	at java.util.concurrent.ThreadPoolExecutor$Worker.runTask(ThreadPoolExecutor.java:886)
	at java.util.concurrent.ThreadPoolExecutor$Worker.run(ThreadPoolExecutor.java:908)
	at java.lang.Thread.run(Thread.java:662)
2012-04-06 12:51:33,631 [http-bio-8080-exec-1] ERROR StackTrace  - Full Stack Trace:
java.io.FileNotFoundException: ./grails-app/zul/assetCategory/assetCategoryCRUD.zul (No such file or directory)
	at java.io.FileInputStream.open(Native Method)
	at java.io.FileInputStream.<init>(FileInputStream.java:120)
	at java.io.FileInputStream.<init>(FileInputStream.java:79)
	at sun.net.www.protocol.file.FileURLConnection.connect(FileURLConnection.java:70)
	at sun.net.www.protocol.file.FileURLConnection.getInputStream(FileURLConnection.java:161)
	at org.springframework.core.io.UrlResource.getInputStream(UrlResource.java:124)
	at org.zkoss.web.util.resource.GrailsContentLoader.parse(GrailsContentLoader.java:148)
	at org.zkoss.web.util.resource.GrailsContentLoader.load(GrailsContentLoader.java:82)
	at org.zkoss.web.util.resource.GrailsContentLoader.load(GrailsContentLoader.java:41)
	at org.zkoss.util.resource.ResourceCache$Info.load(ResourceCache.java:226)
	at org.zkoss.util.resource.ResourceCache$Info.<init>(ResourceCache.java:201)
	at org.zkoss.util.resource.ResourceCache.get(ResourceCache.java:133)
	at org.zkoss.web.util.resource.ResourceCaches.get(ResourceCaches.java:120)
	at org.zkoss.zk.ui.metainfo.PageDefinitions.getPageDefinition(PageDefinitions.java:140)
	at org.zkoss.zk.ui.impl.AbstractUiFactory.getPageDefinition(AbstractUiFactory.java:158)
	at org.zkoss.zk.ui.http.ExecutionImpl.getPageDefinition(ExecutionImpl.java:368)
	at org.zkoss.zk.ui.impl.AbstractExecution.createComponents0(AbstractExecution.java:246)
	at org.zkoss.zk.ui.impl.AbstractExecution.createComponents(AbstractExecution.java:238)
	at org.zkoss.zk.ui.Executions.createComponents(Executions.java:179)
	at org.zkoss.zk.ui.Executions$createComponents.call(Unknown Source)
	at org.codehaus.groovy.runtime.callsite.CallSiteArray.defaultCall(CallSiteArray.java:42)
	at org.codehaus.groovy.runtime.callsite.AbstractCallSite.call(AbstractCallSite.java:108)
	at org.codehaus.groovy.runtime.callsite.AbstractCallSite.call(AbstractCallSite.java:124)
	at assetCategory.ListAssetCategoriesComposer$1.onEvent(ListAssetCategoriesComposer.groovy:102)
	at org.zkoss.zk.ui.AbstractComponent.onEvent(AbstractComponent.java:2741)
	at org.zkoss.zk.ui.AbstractComponent.service(AbstractComponent.java:2712)
	at org.zkoss.zk.ui.AbstractComponent.service(AbstractComponent.java:2653)
	at org.zkoss.zk.ui.impl.EventProcessor.process(EventProcessor.java:136)
	at org.zkoss.zk.ui.impl.UiEngineImpl.processEvent(UiEngineImpl.java:1699)
	at org.zkoss.zk.ui.impl.UiEngineImpl.process(UiEngineImpl.java:1484)
	at org.zkoss.zk.ui.impl.UiEngineImpl.execUpdate(UiEngineImpl.java:1201)
	at org.zkoss.zk.au.http.DHtmlUpdateServlet.process(DHtmlUpdateServlet.java:558)
	at org.zkoss.zk.au.http.DHtmlUpdateServlet.doGet(DHtmlUpdateServlet.java:456)
	at org.zkoss.zk.au.http.DHtmlUpdateServlet.doPost(DHtmlUpdateServlet.java:464)
	at javax.servlet.http.HttpServlet.service(HttpServlet.java:641)
	at javax.servlet.http.HttpServlet.service(HttpServlet.java:722)
	at org.apache.catalina.core.ApplicationFilterChain.internalDoFilter(ApplicationFilterChain.java:305)
	at org.apache.catalina.core.ApplicationFilterChain.doFilter(ApplicationFilterChain.java:210)
	at org.zkoss.zk.grails.web.ZULUrlMappingsFilter.processFilterChain(ZULUrlMappingsFilter.java:387)
	at org.zkoss.zk.grails.web.ZULUrlMappingsFilter.doFilterInternal(ZULUrlMappingsFilter.java:131)
	at org.springframework.web.filter.OncePerRequestFilter.doFilter(OncePerRequestFilter.java:76)
	at org.apache.catalina.core.ApplicationFilterChain.internalDoFilter(ApplicationFilterChain.java:243)
	at org.apache.catalina.core.ApplicationFilterChain.doFilter(ApplicationFilterChain.java:210)
	at org.zkoss.zk.grails.web.ZKGrailsPageFilter.doFilter(ZKGrailsPageFilter.java:164)
	at org.apache.catalina.core.ApplicationFilterChain.internalDoFilter(ApplicationFilterChain.java:243)
	at org.apache.catalina.core.ApplicationFilterChain.doFilter(ApplicationFilterChain.java:210)
	at javax.servlet.FilterChain$doFilter.call(Unknown Source)
	at org.grails.plugin.resource.DevModeSanityFilter.doFilter(DevModeSanityFilter.groovy:44)
	at org.apache.catalina.core.ApplicationFilterChain.internalDoFilter(ApplicationFilterChain.java:243)
	at org.apache.catalina.core.ApplicationFilterChain.doFilter(ApplicationFilterChain.java:210)
	at org.springframework.security.web.FilterChainProxy$VirtualFilterChain.doFilter(FilterChainProxy.java:369)
	at org.springframework.security.web.access.intercept.FilterSecurityInterceptor.invoke(FilterSecurityInterceptor.java:109)
	at org.springframework.security.web.access.intercept.FilterSecurityInterceptor.doFilter(FilterSecurityInterceptor.java:83)
	at org.springframework.security.web.FilterChainProxy$VirtualFilterChain.doFilter(FilterChainProxy.java:381)
	at org.springframework.security.web.access.ExceptionTranslationFilter.doFilter(ExceptionTranslationFilter.java:97)
	at org.springframework.security.web.FilterChainProxy$VirtualFilterChain.doFilter(FilterChainProxy.java:381)
	at org.springframework.security.web.authentication.AnonymousAuthenticationFilter.doFilter(AnonymousAuthenticationFilter.java:78)
	at org.springframework.security.web.FilterChainProxy$VirtualFilterChain.doFilter(FilterChainProxy.java:381)
	at org.springframework.security.web.authentication.rememberme.RememberMeAuthenticationFilter.doFilter(RememberMeAuthenticationFilter.java:119)
	at org.springframework.security.web.FilterChainProxy$VirtualFilterChain.doFilter(FilterChainProxy.java:381)
	at org.springframework.security.web.servletapi.SecurityContextHolderAwareRequestFilter.doFilter(SecurityContextHolderAwareRequestFilter.java:54)
	at org.springframework.security.web.FilterChainProxy$VirtualFilterChain.doFilter(FilterChainProxy.java:381)
	at org.springframework.security.web.authentication.AbstractAuthenticationProcessingFilter.doFilter(AbstractAuthenticationProcessingFilter.java:187)
	at org.codehaus.groovy.grails.plugins.springsecurity.RequestHolderAuthenticationFilter.doFilter(RequestHolderAuthenticationFilter.java:40)
	at org.springframework.security.web.FilterChainProxy$VirtualFilterChain.doFilter(FilterChainProxy.java:381)
	at org.codehaus.groovy.grails.plugins.springsecurity.MutableLogoutFilter.doFilter(MutableLogoutFilter.java:79)
	at org.springframework.security.web.FilterChainProxy$VirtualFilterChain.doFilter(FilterChainProxy.java:381)
	at org.springframework.security.web.context.SecurityContextPersistenceFilter.doFilter(SecurityContextPersistenceFilter.java:79)
	at org.springframework.security.web.FilterChainProxy$VirtualFilterChain.doFilter(FilterChainProxy.java:381)
	at org.springframework.security.web.FilterChainProxy.doFilter(FilterChainProxy.java:168)
	at org.springframework.web.filter.DelegatingFilterProxy.invokeDelegate(DelegatingFilterProxy.java:346)
	at org.springframework.web.filter.DelegatingFilterProxy.doFilter(DelegatingFilterProxy.java:259)
	at org.apache.catalina.core.ApplicationFilterChain.internalDoFilter(ApplicationFilterChain.java:243)
	at org.apache.catalina.core.ApplicationFilterChain.doFilter(ApplicationFilterChain.java:210)
	at org.codehaus.groovy.grails.web.servlet.mvc.GrailsWebRequestFilter.doFilterInternal(GrailsWebRequestFilter.java:69)
	at org.springframework.web.filter.OncePerRequestFilter.doFilter(OncePerRequestFilter.java:76)
	at org.apache.catalina.core.ApplicationFilterChain.internalDoFilter(ApplicationFilterChain.java:243)
	at org.apache.catalina.core.ApplicationFilterChain.doFilter(ApplicationFilterChain.java:210)
	at org.codehaus.groovy.grails.web.filters.HiddenHttpMethodFilter.doFilterInternal(HiddenHttpMethodFilter.java:65)
	at org.springframework.web.filter.OncePerRequestFilter.doFilter(OncePerRequestFilter.java:76)
	at org.apache.catalina.core.ApplicationFilterChain.internalDoFilter(ApplicationFilterChain.java:243)
	at org.apache.catalina.core.ApplicationFilterChain.doFilter(ApplicationFilterChain.java:210)
	at org.zkoss.zk.grails.web.ZKGrailsOpenSessionInViewFilter.doFilterInternal(ZKGrailsOpenSessionInViewFilter.java:37)
	at org.springframework.web.filter.OncePerRequestFilter.doFilter(OncePerRequestFilter.java:76)
	at org.apache.catalina.core.ApplicationFilterChain.internalDoFilter(ApplicationFilterChain.java:243)
	at org.apache.catalina.core.ApplicationFilterChain.doFilter(ApplicationFilterChain.java:210)
	at org.springframework.web.filter.CharacterEncodingFilter.doFilterInternal(CharacterEncodingFilter.java:88)
	at org.springframework.web.filter.OncePerRequestFilter.doFilter(OncePerRequestFilter.java:76)
	at org.springframework.web.filter.DelegatingFilterProxy.invokeDelegate(DelegatingFilterProxy.java:346)
	at org.springframework.web.filter.DelegatingFilterProxy.doFilter(DelegatingFilterProxy.java:259)
	at org.apache.catalina.core.ApplicationFilterChain.internalDoFilter(ApplicationFilterChain.java:243)
	at org.apache.catalina.core.ApplicationFilterChain.doFilter(ApplicationFilterChain.java:210)
	at org.apache.catalina.core.StandardWrapperValve.invoke(StandardWrapperValve.java:224)
	at org.apache.catalina.core.StandardContextValve.invoke(StandardContextValve.java:169)
	at org.apache.catalina.core.StandardHostValve.invoke(StandardHostValve.java:168)
	at org.apache.catalina.valves.ErrorReportValve.invoke(ErrorReportValve.java:98)
	at org.apache.catalina.core.StandardEngineValve.invoke(StandardEngineValve.java:118)
	at org.apache.catalina.connector.CoyoteAdapter.service(CoyoteAdapter.java:407)
	at org.apache.coyote.http11.AbstractHttp11Processor.process(AbstractHttp11Processor.java:987)
	at org.apache.coyote.AbstractProtocol$AbstractConnectionHandler.process(AbstractProtocol.java:579)
	at org.apache.tomcat.util.net.JIoEndpoint$SocketProcessor.run(JIoEndpoint.java:309)
	at java.util.concurrent.ThreadPoolExecutor$Worker.runTask(ThreadPoolExecutor.java:886)
	at java.util.concurrent.ThreadPoolExecutor$Worker.run(ThreadPoolExecutor.java:908)
	at java.lang.Thread.run(Thread.java:662)
2012-04-06 12:51:33,642 [http-bio-8080-exec-1] ERROR StackTrace  - Full Stack Trace:
java.io.FileNotFoundException: ./grails-app/zul/assetCategory/assetCategoryCRUD.zul (No such file or directory)
	at java.io.FileInputStream.<init>(FileInputStream.java:120)
	at java.io.FileInputStream.<init>(FileInputStream.java:79)
	at org.zkoss.web.util.resource.GrailsContentLoader.parse(GrailsContentLoader.java:148)
	at org.zkoss.web.util.resource.GrailsContentLoader.load(GrailsContentLoader.java:82)
	at org.zkoss.web.util.resource.GrailsContentLoader.load(GrailsContentLoader.java:41)
	at org.zkoss.util.resource.ResourceCache$Info.load(ResourceCache.java:226)
	at org.zkoss.util.resource.ResourceCache$Info.<init>(ResourceCache.java:201)
	at org.zkoss.util.resource.ResourceCache.get(ResourceCache.java:133)
	at org.zkoss.web.util.resource.ResourceCaches.get(ResourceCaches.java:120)
	at org.zkoss.zk.ui.metainfo.PageDefinitions.getPageDefinition(PageDefinitions.java:140)
	at org.zkoss.zk.ui.impl.AbstractUiFactory.getPageDefinition(AbstractUiFactory.java:158)
	at org.zkoss.zk.ui.http.ExecutionImpl.getPageDefinition(ExecutionImpl.java:368)
	at org.zkoss.zk.ui.impl.AbstractExecution.createComponents0(AbstractExecution.java:246)
	at org.zkoss.zk.ui.impl.AbstractExecution.createComponents(AbstractExecution.java:238)
	at org.zkoss.zk.ui.Executions.createComponents(Executions.java:179)
	at assetCategory.ListAssetCategoriesComposer$1.onEvent(ListAssetCategoriesComposer.groovy:102)
	at org.zkoss.zk.ui.AbstractComponent.onEvent(AbstractComponent.java:2741)
	at org.zkoss.zk.ui.AbstractComponent.service(AbstractComponent.java:2712)
	at org.zkoss.zk.ui.AbstractComponent.service(AbstractComponent.java:2653)
	at org.zkoss.zk.ui.impl.EventProcessor.process(EventProcessor.java:136)
	at org.zkoss.zk.ui.impl.UiEngineImpl.processEvent(UiEngineImpl.java:1699)
	at org.zkoss.zk.ui.impl.UiEngineImpl.process(UiEngineImpl.java:1484)
	at org.zkoss.zk.ui.impl.UiEngineImpl.execUpdate(UiEngineImpl.java:1201)
	at org.zkoss.zk.au.http.DHtmlUpdateServlet.process(DHtmlUpdateServlet.java:558)
	at org.zkoss.zk.au.http.DHtmlUpdateServlet.doGet(DHtmlUpdateServlet.java:456)
	at org.zkoss.zk.au.http.DHtmlUpdateServlet.doPost(DHtmlUpdateServlet.java:464)
	at org.zkoss.zk.grails.web.ZULUrlMappingsFilter.processFilterChain(ZULUrlMappingsFilter.java:387)
	at org.zkoss.zk.grails.web.ZULUrlMappingsFilter.doFilterInternal(ZULUrlMappingsFilter.java:131)
	at org.zkoss.zk.grails.web.ZKGrailsPageFilter.doFilter(ZKGrailsPageFilter.java:164)
	at org.zkoss.zk.grails.web.ZKGrailsOpenSessionInViewFilter.doFilterInternal(ZKGrailsOpenSessionInViewFilter.java:37)
	at java.util.concurrent.ThreadPoolExecutor$Worker.runTask(ThreadPoolExecutor.java:886)
	at java.util.concurrent.ThreadPoolExecutor$Worker.run(ThreadPoolExecutor.java:908)
	at java.lang.Thread.run(Thread.java:662)
2012-04-06 13:54:42,726 [http-bio-8080-exec-10] ERROR StackTrace  - Full Stack Trace:
org.codehaus.groovy.control.MultipleCompilationErrorsException: startup failed:
/home/mrogers/Projects/grails/openInventory/grails-app/composers/assetCategory/AssetCategoryCRUDComposer.groovy: 43: unable to resolve class assetCategory 
 @ line 43, column 29.
               assetCategory = new assetCategory()
                               ^

1 error

	at org.codehaus.groovy.control.ErrorCollector.failIfErrors(ErrorCollector.java:302)
	at org.codehaus.groovy.control.CompilationUnit.applyToSourceUnits(CompilationUnit.java:858)
	at org.codehaus.groovy.control.CompilationUnit.doPhaseOperation(CompilationUnit.java:548)
	at org.codehaus.groovy.control.CompilationUnit.compile(CompilationUnit.java:497)
	at org.codehaus.groovy.control.CompilationUnit.compile(CompilationUnit.java:480)
	at org.codehaus.groovy.tools.FileSystemCompiler.compile(FileSystemCompiler.java:60)
	at org.codehaus.groovy.tools.FileSystemCompiler.doCompilation(FileSystemCompiler.java:216)
	at org.codehaus.groovy.ant.Groovyc.compile(Groovyc.java:909)
	at org.codehaus.groovy.grails.compiler.Grailsc.compile(Grailsc.java:79)
	at org.codehaus.groovy.ant.Groovyc.execute(Groovyc.java:607)
	at org.apache.tools.ant.UnknownElement.execute(UnknownElement.java:291)
	at sun.reflect.GeneratedMethodAccessor109.invoke(Unknown Source)
	at sun.reflect.DelegatingMethodAccessorImpl.invoke(DelegatingMethodAccessorImpl.java:25)
	at java.lang.reflect.Method.invoke(Method.java:597)
	at com.springsource.loaded.ri.ReflectiveInterceptor.jlrMethodInvoke(ReflectiveInterceptor.java:1237)
	at org.apache.tools.ant.dispatch.DispatchUtils.execute(DispatchUtils.java:106)
	at groovy.util.AntBuilder.performTask(AntBuilder.java:260)
	at groovy.util.AntBuilder.nodeCompleted(AntBuilder.java:220)
	at groovy.util.BuilderSupport.doInvokeMethod(BuilderSupport.java:147)
	at groovy.util.AntBuilder.doInvokeMethod(AntBuilder.java:170)
	at groovy.util.BuilderSupport.invokeMethod(BuilderSupport.java:64)
	at org.codehaus.gant.GantBuilder.invokeMethod(GantBuilder.java:99)
	at org.codehaus.groovy.runtime.callsite.PogoMetaClassSite.call(PogoMetaClassSite.java:45)
	at org.codehaus.groovy.runtime.callsite.AbstractCallSite.call(AbstractCallSite.java:120)
	at org.codehaus.groovy.grails.compiler.GrailsProjectCompiler.compile(GrailsProjectCompiler.groovy:266)
	at org.codehaus.groovy.grails.compiler.GrailsProjectCompiler$compile$0.callCurrent(Unknown Source)
	at org.codehaus.groovy.grails.compiler.GrailsProjectCompiler.compile(GrailsProjectCompiler.groovy:237)
	at org.codehaus.groovy.grails.compiler.GrailsProjectCompiler.compileAll(GrailsProjectCompiler.groovy:229)
	at org.codehaus.groovy.grails.compiler.GrailsProjectWatcher.compileIfSource(GrailsProjectWatcher.java:240)
	at org.codehaus.groovy.grails.compiler.GrailsProjectWatcher.access$300(GrailsProjectWatcher.java:46)
	at org.codehaus.groovy.grails.compiler.GrailsProjectWatcher$1.onChange(GrailsProjectWatcher.java:142)
	at org.codehaus.groovy.grails.compiler.DirectoryWatcher.fireOnChange(DirectoryWatcher.java:162)
	at org.codehaus.groovy.grails.compiler.DirectoryWatcher.run(DirectoryWatcher.java:144)
	at org.codehaus.groovy.grails.compiler.GrailsProjectWatcher.run(GrailsProjectWatcher.java:163)
2012-04-06 13:54:42,752 [http-bio-8080-exec-10] ERROR StackTrace  - Full Stack Trace:
org.codehaus.groovy.control.MultipleCompilationErrorsException: startup failed:
/home/mrogers/Projects/grails/openInventory/grails-app/composers/assetCategory/AssetCategoryCRUDComposer.groovy: 43: unable to resolve class assetCategory 
 @ line 43, column 29.
               assetCategory = new assetCategory()
                               ^

1 error

	at org.codehaus.groovy.control.ErrorCollector.failIfErrors(ErrorCollector.java:302)
	at org.codehaus.groovy.control.CompilationUnit.applyToSourceUnits(CompilationUnit.java:858)
	at org.codehaus.groovy.control.CompilationUnit.doPhaseOperation(CompilationUnit.java:548)
	at org.codehaus.groovy.control.CompilationUnit.compile(CompilationUnit.java:497)
	at org.codehaus.groovy.control.CompilationUnit.compile(CompilationUnit.java:480)
	at org.codehaus.groovy.tools.FileSystemCompiler.compile(FileSystemCompiler.java:60)
	at org.codehaus.groovy.tools.FileSystemCompiler.doCompilation(FileSystemCompiler.java:216)
	at org.codehaus.groovy.ant.Groovyc.compile(Groovyc.java:909)
	at org.codehaus.groovy.ant.Groovyc.execute(Groovyc.java:607)
	at org.apache.tools.ant.UnknownElement.execute(UnknownElement.java:291)
	at org.apache.tools.ant.dispatch.DispatchUtils.execute(DispatchUtils.java:106)
2012-04-06 13:54:42,901 [http-bio-8080-exec-10] ERROR StackTrace  - Full Stack Trace:
org.codehaus.groovy.control.MultipleCompilationErrorsException: startup failed:
/home/mrogers/Projects/grails/openInventory/grails-app/composers/assetCategory/AssetCategoryCRUDComposer.groovy: 43: unable to resolve class assetCategory 
 @ line 43, column 29.
               assetCategory = new assetCategory()
                               ^

1 error

	at org.codehaus.groovy.control.ErrorCollector.failIfErrors(ErrorCollector.java:302)
	at org.codehaus.groovy.control.CompilationUnit.applyToSourceUnits(CompilationUnit.java:858)
	at org.codehaus.groovy.control.CompilationUnit.doPhaseOperation(CompilationUnit.java:548)
	at org.codehaus.groovy.control.CompilationUnit.compile(CompilationUnit.java:497)
	at org.codehaus.groovy.control.CompilationUnit.compile(CompilationUnit.java:480)
	at org.codehaus.groovy.tools.FileSystemCompiler.compile(FileSystemCompiler.java:60)
	at org.codehaus.groovy.tools.FileSystemCompiler.doCompilation(FileSystemCompiler.java:216)
	at org.codehaus.groovy.ant.Groovyc.compile(Groovyc.java:909)
	at org.codehaus.groovy.ant.Groovyc.execute(Groovyc.java:607)
	at org.apache.tools.ant.UnknownElement.execute(UnknownElement.java:291)
	at org.apache.tools.ant.dispatch.DispatchUtils.execute(DispatchUtils.java:106)
2012-04-06 13:54:42,903 [http-bio-8080-exec-10] ERROR StackTrace  - Full Stack Trace:
org.codehaus.groovy.control.MultipleCompilationErrorsException: startup failed:
/home/mrogers/Projects/grails/openInventory/grails-app/composers/assetCategory/AssetCategoryCRUDComposer.groovy: 43: unable to resolve class assetCategory 
 @ line 43, column 29.
               assetCategory = new assetCategory()
                               ^

1 error

	at org.codehaus.groovy.control.ErrorCollector.failIfErrors(ErrorCollector.java:302)
	at org.codehaus.groovy.control.CompilationUnit.applyToSourceUnits(CompilationUnit.java:858)
	at org.codehaus.groovy.control.CompilationUnit.doPhaseOperation(CompilationUnit.java:548)
	at org.codehaus.groovy.control.CompilationUnit.compile(CompilationUnit.java:497)
	at org.codehaus.groovy.control.CompilationUnit.compile(CompilationUnit.java:480)
	at org.codehaus.groovy.tools.FileSystemCompiler.compile(FileSystemCompiler.java:60)
	at org.codehaus.groovy.tools.FileSystemCompiler.doCompilation(FileSystemCompiler.java:216)
	at org.codehaus.groovy.ant.Groovyc.compile(Groovyc.java:909)
	at org.codehaus.groovy.ant.Groovyc.execute(Groovyc.java:607)
	at org.apache.tools.ant.UnknownElement.execute(UnknownElement.java:291)
	at org.apache.tools.ant.dispatch.DispatchUtils.execute(DispatchUtils.java:106)
2012-04-06 13:59:57,697 [http-bio-8080-exec-4] ERROR StackTrace  - Full Stack Trace:
java.io.FileNotFoundException: ./grails-app/zul/zul/html/messagebox.zul (No such file or directory)
	at java.io.FileInputStream.open(Native Method)
	at java.io.FileInputStream.<init>(FileInputStream.java:120)
	at java.io.FileInputStream.<init>(FileInputStream.java:79)
	at sun.net.www.protocol.file.FileURLConnection.connect(FileURLConnection.java:70)
	at sun.net.www.protocol.file.FileURLConnection.getInputStream(FileURLConnection.java:161)
	at org.springframework.core.io.UrlResource.getInputStream(UrlResource.java:124)
	at org.zkoss.web.util.resource.GrailsContentLoader.parse(GrailsContentLoader.java:148)
	at org.zkoss.web.util.resource.GrailsContentLoader.load(GrailsContentLoader.java:82)
	at org.zkoss.web.util.resource.GrailsContentLoader.load(GrailsContentLoader.java:41)
	at org.zkoss.util.resource.ResourceCache$Info.load(ResourceCache.java:226)
	at org.zkoss.util.resource.ResourceCache$Info.<init>(ResourceCache.java:201)
	at org.zkoss.util.resource.ResourceCache.get(ResourceCache.java:133)
	at org.zkoss.web.util.resource.ResourceCaches.get(ResourceCaches.java:100)
	at org.zkoss.zk.ui.metainfo.PageDefinitions.getPageDefinition(PageDefinitions.java:140)
	at org.zkoss.zk.ui.impl.AbstractUiFactory.getPageDefinition(AbstractUiFactory.java:158)
	at org.zkoss.zk.ui.http.ExecutionImpl.getPageDefinition(ExecutionImpl.java:368)
	at org.zkoss.zk.ui.impl.AbstractExecution.createComponents0(AbstractExecution.java:246)
	at org.zkoss.zk.ui.impl.AbstractExecution.createComponents(AbstractExecution.java:238)
	at org.zkoss.zk.ui.Executions.createComponents(Executions.java:179)
	at org.zkoss.zul.Messagebox.show(Messagebox.java:177)
	at org.zkoss.zul.Messagebox.show(Messagebox.java:417)
	at org.zkoss.zul.Messagebox.show(Messagebox.java:304)
	at org.zkoss.zul.Messagebox$show.call(Unknown Source)
	at org.codehaus.groovy.runtime.callsite.CallSiteArray.defaultCall(CallSiteArray.java:42)
	at org.codehaus.groovy.runtime.callsite.AbstractCallSite.call(AbstractCallSite.java:108)
	at org.codehaus.groovy.runtime.callsite.AbstractCallSite.call(AbstractCallSite.java:128)
	at assetCategory.AssetCategoryCRUDComposer$$ENTq337I.onClick_cmdSave(AssetCategoryCRUDComposer.groovy:50)
	at sun.reflect.NativeMethodAccessorImpl.invoke0(Native Method)
	at sun.reflect.NativeMethodAccessorImpl.invoke(NativeMethodAccessorImpl.java:39)
	at sun.reflect.DelegatingMethodAccessorImpl.invoke(DelegatingMethodAccessorImpl.java:25)
	at java.lang.reflect.Method.invoke(Method.java:597)
	at com.springsource.loaded.ri.ReloadedTypeInvoker$2.invoke(ReloadedTypeInvoker.java:107)
	at com.springsource.loaded.ri.ReflectiveInterceptor.jlrMethodInvoke(ReflectiveInterceptor.java:1260)
	at org.codehaus.groovy.reflection.CachedMethod.invoke(CachedMethod.java:90)
	at groovy.lang.MetaMethod.doMethodInvoke(MetaMethod.java:233)
	at groovy.lang.MetaClassImpl.invokeMethod(MetaClassImpl.java:1047)
	at groovy.lang.ExpandoMetaClass.invokeMethod(ExpandoMetaClass.java:1110)
	at groovy.lang.MetaClassImpl.invokeMethod(MetaClassImpl.java:877)
	at org.codehaus.groovy.runtime.InvokerHelper.invokePogoMethod(InvokerHelper.java:793)
	at org.codehaus.groovy.runtime.InvokerHelper.invokeMethod(InvokerHelper.java:776)
	at org.zkoss.zk.grails.composer.GrailsComposer.onEvent(GrailsComposer.java:196)
	at assetCategory.AssetCategoryCRUDComposer.onEvent(AssetCategoryCRUDComposer.groovy)
	at org.zkoss.zk.ui.AbstractComponent.onEvent(AbstractComponent.java:2741)
	at org.zkoss.zk.ui.AbstractComponent.service(AbstractComponent.java:2712)
	at org.zkoss.zk.ui.AbstractComponent.service(AbstractComponent.java:2653)
	at org.zkoss.zk.ui.impl.EventProcessor.process(EventProcessor.java:136)
	at org.zkoss.zk.ui.event.Events.sendEvent(Events.java:308)
	at org.zkoss.zk.ui.event.Events.sendEvent(Events.java:331)
	at org.zkoss.zk.ui.AbstractComponent$ForwardListener.onEvent(AbstractComponent.java:3179)
	at org.zkoss.zk.ui.AbstractComponent.onEvent(AbstractComponent.java:2741)
	at org.zkoss.zk.ui.AbstractComponent.service(AbstractComponent.java:2712)
	at org.zkoss.zk.ui.AbstractComponent.service(AbstractComponent.java:2653)
	at org.zkoss.zk.ui.impl.EventProcessor.process(EventProcessor.java:136)
	at org.zkoss.zk.ui.impl.UiEngineImpl.processEvent(UiEngineImpl.java:1699)
	at org.zkoss.zk.ui.impl.UiEngineImpl.process(UiEngineImpl.java:1484)
	at org.zkoss.zk.ui.impl.UiEngineImpl.execUpdate(UiEngineImpl.java:1201)
	at org.zkoss.zk.au.http.DHtmlUpdateServlet.process(DHtmlUpdateServlet.java:558)
	at org.zkoss.zk.au.http.DHtmlUpdateServlet.doGet(DHtmlUpdateServlet.java:456)
	at org.zkoss.zk.au.http.DHtmlUpdateServlet.doPost(DHtmlUpdateServlet.java:464)
	at javax.servlet.http.HttpServlet.service(HttpServlet.java:641)
	at javax.servlet.http.HttpServlet.service(HttpServlet.java:722)
	at org.apache.catalina.core.ApplicationFilterChain.internalDoFilter(ApplicationFilterChain.java:305)
	at org.apache.catalina.core.ApplicationFilterChain.doFilter(ApplicationFilterChain.java:210)
	at org.zkoss.zk.grails.web.ZULUrlMappingsFilter.processFilterChain(ZULUrlMappingsFilter.java:387)
	at org.zkoss.zk.grails.web.ZULUrlMappingsFilter.doFilterInternal(ZULUrlMappingsFilter.java:131)
	at org.springframework.web.filter.OncePerRequestFilter.doFilter(OncePerRequestFilter.java:76)
	at org.apache.catalina.core.ApplicationFilterChain.internalDoFilter(ApplicationFilterChain.java:243)
	at org.apache.catalina.core.ApplicationFilterChain.doFilter(ApplicationFilterChain.java:210)
	at org.zkoss.zk.grails.web.ZKGrailsPageFilter.doFilter(ZKGrailsPageFilter.java:164)
	at org.apache.catalina.core.ApplicationFilterChain.internalDoFilter(ApplicationFilterChain.java:243)
	at org.apache.catalina.core.ApplicationFilterChain.doFilter(ApplicationFilterChain.java:210)
	at javax.servlet.FilterChain$doFilter.call(Unknown Source)
	at org.grails.plugin.resource.DevModeSanityFilter.doFilter(DevModeSanityFilter.groovy:44)
	at org.apache.catalina.core.ApplicationFilterChain.internalDoFilter(ApplicationFilterChain.java:243)
	at org.apache.catalina.core.ApplicationFilterChain.doFilter(ApplicationFilterChain.java:210)
	at org.springframework.security.web.FilterChainProxy$VirtualFilterChain.doFilter(FilterChainProxy.java:369)
	at org.springframework.security.web.access.intercept.FilterSecurityInterceptor.invoke(FilterSecurityInterceptor.java:109)
	at org.springframework.security.web.access.intercept.FilterSecurityInterceptor.doFilter(FilterSecurityInterceptor.java:83)
	at org.springframework.security.web.FilterChainProxy$VirtualFilterChain.doFilter(FilterChainProxy.java:381)
	at org.springframework.security.web.access.ExceptionTranslationFilter.doFilter(ExceptionTranslationFilter.java:97)
	at org.springframework.security.web.FilterChainProxy$VirtualFilterChain.doFilter(FilterChainProxy.java:381)
	at org.springframework.security.web.authentication.AnonymousAuthenticationFilter.doFilter(AnonymousAuthenticationFilter.java:78)
	at org.springframework.security.web.FilterChainProxy$VirtualFilterChain.doFilter(FilterChainProxy.java:381)
	at org.springframework.security.web.authentication.rememberme.RememberMeAuthenticationFilter.doFilter(RememberMeAuthenticationFilter.java:119)
	at org.springframework.security.web.FilterChainProxy$VirtualFilterChain.doFilter(FilterChainProxy.java:381)
	at org.springframework.security.web.servletapi.SecurityContextHolderAwareRequestFilter.doFilter(SecurityContextHolderAwareRequestFilter.java:54)
	at org.springframework.security.web.FilterChainProxy$VirtualFilterChain.doFilter(FilterChainProxy.java:381)
	at org.springframework.security.web.authentication.AbstractAuthenticationProcessingFilter.doFilter(AbstractAuthenticationProcessingFilter.java:187)
	at org.codehaus.groovy.grails.plugins.springsecurity.RequestHolderAuthenticationFilter.doFilter(RequestHolderAuthenticationFilter.java:40)
	at org.springframework.security.web.FilterChainProxy$VirtualFilterChain.doFilter(FilterChainProxy.java:381)
	at org.codehaus.groovy.grails.plugins.springsecurity.MutableLogoutFilter.doFilter(MutableLogoutFilter.java:79)
	at org.springframework.security.web.FilterChainProxy$VirtualFilterChain.doFilter(FilterChainProxy.java:381)
	at org.springframework.security.web.context.SecurityContextPersistenceFilter.doFilter(SecurityContextPersistenceFilter.java:79)
	at org.springframework.security.web.FilterChainProxy$VirtualFilterChain.doFilter(FilterChainProxy.java:381)
	at org.springframework.security.web.FilterChainProxy.doFilter(FilterChainProxy.java:168)
	at org.springframework.web.filter.DelegatingFilterProxy.invokeDelegate(DelegatingFilterProxy.java:346)
	at org.springframework.web.filter.DelegatingFilterProxy.doFilter(DelegatingFilterProxy.java:259)
	at org.apache.catalina.core.ApplicationFilterChain.internalDoFilter(ApplicationFilterChain.java:243)
	at org.apache.catalina.core.ApplicationFilterChain.doFilter(ApplicationFilterChain.java:210)
	at org.codehaus.groovy.grails.web.servlet.mvc.GrailsWebRequestFilter.doFilterInternal(GrailsWebRequestFilter.java:69)
	at org.springframework.web.filter.OncePerRequestFilter.doFilter(OncePerRequestFilter.java:76)
	at org.apache.catalina.core.ApplicationFilterChain.internalDoFilter(ApplicationFilterChain.java:243)
	at org.apache.catalina.core.ApplicationFilterChain.doFilter(ApplicationFilterChain.java:210)
	at org.codehaus.groovy.grails.web.filters.HiddenHttpMethodFilter.doFilterInternal(HiddenHttpMethodFilter.java:65)
	at org.springframework.web.filter.OncePerRequestFilter.doFilter(OncePerRequestFilter.java:76)
	at org.apache.catalina.core.ApplicationFilterChain.internalDoFilter(ApplicationFilterChain.java:243)
	at org.apache.catalina.core.ApplicationFilterChain.doFilter(ApplicationFilterChain.java:210)
	at org.zkoss.zk.grails.web.ZKGrailsOpenSessionInViewFilter.doFilterInternal(ZKGrailsOpenSessionInViewFilter.java:37)
	at org.springframework.web.filter.OncePerRequestFilter.doFilter(OncePerRequestFilter.java:76)
	at org.apache.catalina.core.ApplicationFilterChain.internalDoFilter(ApplicationFilterChain.java:243)
	at org.apache.catalina.core.ApplicationFilterChain.doFilter(ApplicationFilterChain.java:210)
	at org.springframework.web.filter.CharacterEncodingFilter.doFilterInternal(CharacterEncodingFilter.java:88)
	at org.springframework.web.filter.OncePerRequestFilter.doFilter(OncePerRequestFilter.java:76)
	at org.springframework.web.filter.DelegatingFilterProxy.invokeDelegate(DelegatingFilterProxy.java:346)
	at org.springframework.web.filter.DelegatingFilterProxy.doFilter(DelegatingFilterProxy.java:259)
	at org.apache.catalina.core.ApplicationFilterChain.internalDoFilter(ApplicationFilterChain.java:243)
	at org.apache.catalina.core.ApplicationFilterChain.doFilter(ApplicationFilterChain.java:210)
	at org.apache.catalina.core.StandardWrapperValve.invoke(StandardWrapperValve.java:224)
	at org.apache.catalina.core.StandardContextValve.invoke(StandardContextValve.java:169)
	at org.apache.catalina.core.StandardHostValve.invoke(StandardHostValve.java:168)
	at org.apache.catalina.valves.ErrorReportValve.invoke(ErrorReportValve.java:98)
	at org.apache.catalina.core.StandardEngineValve.invoke(StandardEngineValve.java:118)
	at org.apache.catalina.connector.CoyoteAdapter.service(CoyoteAdapter.java:407)
	at org.apache.coyote.http11.AbstractHttp11Processor.process(AbstractHttp11Processor.java:987)
	at org.apache.coyote.AbstractProtocol$AbstractConnectionHandler.process(AbstractProtocol.java:579)
	at org.apache.tomcat.util.net.JIoEndpoint$SocketProcessor.run(JIoEndpoint.java:309)
	at java.util.concurrent.ThreadPoolExecutor$Worker.runTask(ThreadPoolExecutor.java:886)
	at java.util.concurrent.ThreadPoolExecutor$Worker.run(ThreadPoolExecutor.java:908)
	at java.lang.Thread.run(Thread.java:662)
2012-04-06 13:59:57,710 [http-bio-8080-exec-4] ERROR StackTrace  - Full Stack Trace:
java.io.FileNotFoundException: ./grails-app/zul/zul/html/messagebox.zul (No such file or directory)
	at java.io.FileInputStream.<init>(FileInputStream.java:120)
	at java.io.FileInputStream.<init>(FileInputStream.java:79)
	at org.zkoss.web.util.resource.GrailsContentLoader.parse(GrailsContentLoader.java:148)
	at org.zkoss.web.util.resource.GrailsContentLoader.load(GrailsContentLoader.java:82)
	at org.zkoss.web.util.resource.GrailsContentLoader.load(GrailsContentLoader.java:41)
	at org.zkoss.util.resource.ResourceCache$Info.load(ResourceCache.java:226)
	at org.zkoss.util.resource.ResourceCache$Info.<init>(ResourceCache.java:201)
	at org.zkoss.util.resource.ResourceCache.get(ResourceCache.java:133)
	at org.zkoss.web.util.resource.ResourceCaches.get(ResourceCaches.java:100)
	at org.zkoss.zk.ui.metainfo.PageDefinitions.getPageDefinition(PageDefinitions.java:140)
	at org.zkoss.zk.ui.impl.AbstractUiFactory.getPageDefinition(AbstractUiFactory.java:158)
	at org.zkoss.zk.ui.http.ExecutionImpl.getPageDefinition(ExecutionImpl.java:368)
	at org.zkoss.zk.ui.impl.AbstractExecution.createComponents0(AbstractExecution.java:246)
	at org.zkoss.zk.ui.impl.AbstractExecution.createComponents(AbstractExecution.java:238)
	at org.zkoss.zk.ui.Executions.createComponents(Executions.java:179)
	at org.zkoss.zul.Messagebox.show(Messagebox.java:177)
	at org.zkoss.zul.Messagebox.show(Messagebox.java:417)
	at org.zkoss.zul.Messagebox.show(Messagebox.java:304)
	at assetCategory.AssetCategoryCRUDComposer$$ENTq337I.onClick_cmdSave(AssetCategoryCRUDComposer.groovy:50)
	at org.zkoss.zk.grails.composer.GrailsComposer.onEvent(GrailsComposer.java:196)
	at org.zkoss.zk.ui.AbstractComponent.onEvent(AbstractComponent.java:2741)
	at org.zkoss.zk.ui.AbstractComponent.service(AbstractComponent.java:2712)
	at org.zkoss.zk.ui.AbstractComponent.service(AbstractComponent.java:2653)
	at org.zkoss.zk.ui.impl.EventProcessor.process(EventProcessor.java:136)
	at org.zkoss.zk.ui.event.Events.sendEvent(Events.java:308)
	at org.zkoss.zk.ui.event.Events.sendEvent(Events.java:331)
	at org.zkoss.zk.ui.AbstractComponent$ForwardListener.onEvent(AbstractComponent.java:3179)
	at org.zkoss.zk.ui.AbstractComponent.onEvent(AbstractComponent.java:2741)
	at org.zkoss.zk.ui.AbstractComponent.service(AbstractComponent.java:2712)
	at org.zkoss.zk.ui.AbstractComponent.service(AbstractComponent.java:2653)
	at org.zkoss.zk.ui.impl.EventProcessor.process(EventProcessor.java:136)
	at org.zkoss.zk.ui.impl.UiEngineImpl.processEvent(UiEngineImpl.java:1699)
	at org.zkoss.zk.ui.impl.UiEngineImpl.process(UiEngineImpl.java:1484)
	at org.zkoss.zk.ui.impl.UiEngineImpl.execUpdate(UiEngineImpl.java:1201)
	at org.zkoss.zk.au.http.DHtmlUpdateServlet.process(DHtmlUpdateServlet.java:558)
	at org.zkoss.zk.au.http.DHtmlUpdateServlet.doGet(DHtmlUpdateServlet.java:456)
	at org.zkoss.zk.au.http.DHtmlUpdateServlet.doPost(DHtmlUpdateServlet.java:464)
	at org.zkoss.zk.grails.web.ZULUrlMappingsFilter.processFilterChain(ZULUrlMappingsFilter.java:387)
	at org.zkoss.zk.grails.web.ZULUrlMappingsFilter.doFilterInternal(ZULUrlMappingsFilter.java:131)
	at org.zkoss.zk.grails.web.ZKGrailsPageFilter.doFilter(ZKGrailsPageFilter.java:164)
	at org.zkoss.zk.grails.web.ZKGrailsOpenSessionInViewFilter.doFilterInternal(ZKGrailsOpenSessionInViewFilter.java:37)
	at java.util.concurrent.ThreadPoolExecutor$Worker.runTask(ThreadPoolExecutor.java:886)
	at java.util.concurrent.ThreadPoolExecutor$Worker.run(ThreadPoolExecutor.java:908)
	at java.lang.Thread.run(Thread.java:662)
2012-04-06 14:52:26,325 [http-bio-8080-exec-6] ERROR StackTrace  - Full Stack Trace:
java.io.FileNotFoundException: ./grails-app/zul/zul/html/messagebox.zul (No such file or directory)
	at java.io.FileInputStream.open(Native Method)
	at java.io.FileInputStream.<init>(FileInputStream.java:120)
	at java.io.FileInputStream.<init>(FileInputStream.java:79)
	at sun.net.www.protocol.file.FileURLConnection.connect(FileURLConnection.java:70)
	at sun.net.www.protocol.file.FileURLConnection.getInputStream(FileURLConnection.java:161)
	at org.springframework.core.io.UrlResource.getInputStream(UrlResource.java:124)
	at org.zkoss.web.util.resource.GrailsContentLoader.parse(GrailsContentLoader.java:148)
	at org.zkoss.web.util.resource.GrailsContentLoader.load(GrailsContentLoader.java:82)
	at org.zkoss.web.util.resource.GrailsContentLoader.load(GrailsContentLoader.java:41)
	at org.zkoss.util.resource.ResourceCache$Info.load(ResourceCache.java:226)
	at org.zkoss.util.resource.ResourceCache$Info.<init>(ResourceCache.java:201)
	at org.zkoss.util.resource.ResourceCache.get(ResourceCache.java:133)
	at org.zkoss.web.util.resource.ResourceCaches.get(ResourceCaches.java:100)
	at org.zkoss.zk.ui.metainfo.PageDefinitions.getPageDefinition(PageDefinitions.java:140)
	at org.zkoss.zk.ui.impl.AbstractUiFactory.getPageDefinition(AbstractUiFactory.java:158)
	at org.zkoss.zk.ui.http.ExecutionImpl.getPageDefinition(ExecutionImpl.java:368)
	at org.zkoss.zk.ui.impl.AbstractExecution.createComponents0(AbstractExecution.java:246)
	at org.zkoss.zk.ui.impl.AbstractExecution.createComponents(AbstractExecution.java:238)
	at org.zkoss.zk.ui.Executions.createComponents(Executions.java:179)
	at org.zkoss.zul.Messagebox.show(Messagebox.java:177)
	at org.zkoss.zul.Messagebox.show(Messagebox.java:417)
	at org.zkoss.zul.Messagebox.show(Messagebox.java:304)
	at org.zkoss.zul.Messagebox$show.call(Unknown Source)
	at org.codehaus.groovy.runtime.callsite.CallSiteArray.defaultCall(CallSiteArray.java:42)
	at org.codehaus.groovy.runtime.callsite.AbstractCallSite.call(AbstractCallSite.java:108)
	at org.codehaus.groovy.runtime.callsite.AbstractCallSite.call(AbstractCallSite.java:128)
	at assetCategory.AssetCategoryCRUDComposer$$ENTqGJhI.onClick_cmdSave(AssetCategoryCRUDComposer.groovy:53)
	at sun.reflect.NativeMethodAccessorImpl.invoke0(Native Method)
	at sun.reflect.NativeMethodAccessorImpl.invoke(NativeMethodAccessorImpl.java:39)
	at sun.reflect.DelegatingMethodAccessorImpl.invoke(DelegatingMethodAccessorImpl.java:25)
	at java.lang.reflect.Method.invoke(Method.java:597)
	at com.springsource.loaded.ri.ReloadedTypeInvoker$2.invoke(ReloadedTypeInvoker.java:107)
	at com.springsource.loaded.ri.ReflectiveInterceptor.jlrMethodInvoke(ReflectiveInterceptor.java:1260)
	at org.codehaus.groovy.reflection.CachedMethod.invoke(CachedMethod.java:90)
	at groovy.lang.MetaMethod.doMethodInvoke(MetaMethod.java:233)
	at groovy.lang.MetaClassImpl.invokeMethod(MetaClassImpl.java:1047)
	at groovy.lang.ExpandoMetaClass.invokeMethod(ExpandoMetaClass.java:1110)
	at groovy.lang.MetaClassImpl.invokeMethod(MetaClassImpl.java:877)
	at org.codehaus.groovy.runtime.InvokerHelper.invokePogoMethod(InvokerHelper.java:793)
	at org.codehaus.groovy.runtime.InvokerHelper.invokeMethod(InvokerHelper.java:776)
	at org.zkoss.zk.grails.composer.GrailsComposer.onEvent(GrailsComposer.java:196)
	at assetCategory.AssetCategoryCRUDComposer.onEvent(AssetCategoryCRUDComposer.groovy)
	at org.zkoss.zk.ui.AbstractComponent.onEvent(AbstractComponent.java:2741)
	at org.zkoss.zk.ui.AbstractComponent.service(AbstractComponent.java:2712)
	at org.zkoss.zk.ui.AbstractComponent.service(AbstractComponent.java:2653)
	at org.zkoss.zk.ui.impl.EventProcessor.process(EventProcessor.java:136)
	at org.zkoss.zk.ui.event.Events.sendEvent(Events.java:308)
	at org.zkoss.zk.ui.event.Events.sendEvent(Events.java:331)
	at org.zkoss.zk.ui.AbstractComponent$ForwardListener.onEvent(AbstractComponent.java:3179)
	at org.zkoss.zk.ui.AbstractComponent.onEvent(AbstractComponent.java:2741)
	at org.zkoss.zk.ui.AbstractComponent.service(AbstractComponent.java:2712)
	at org.zkoss.zk.ui.AbstractComponent.service(AbstractComponent.java:2653)
	at org.zkoss.zk.ui.impl.EventProcessor.process(EventProcessor.java:136)
	at org.zkoss.zk.ui.impl.UiEngineImpl.processEvent(UiEngineImpl.java:1699)
	at org.zkoss.zk.ui.impl.UiEngineImpl.process(UiEngineImpl.java:1484)
	at org.zkoss.zk.ui.impl.UiEngineImpl.execUpdate(UiEngineImpl.java:1201)
	at org.zkoss.zk.au.http.DHtmlUpdateServlet.process(DHtmlUpdateServlet.java:558)
	at org.zkoss.zk.au.http.DHtmlUpdateServlet.doGet(DHtmlUpdateServlet.java:456)
	at org.zkoss.zk.au.http.DHtmlUpdateServlet.doPost(DHtmlUpdateServlet.java:464)
	at javax.servlet.http.HttpServlet.service(HttpServlet.java:641)
	at javax.servlet.http.HttpServlet.service(HttpServlet.java:722)
	at org.apache.catalina.core.ApplicationFilterChain.internalDoFilter(ApplicationFilterChain.java:305)
	at org.apache.catalina.core.ApplicationFilterChain.doFilter(ApplicationFilterChain.java:210)
	at org.zkoss.zk.grails.web.ZULUrlMappingsFilter.processFilterChain(ZULUrlMappingsFilter.java:387)
	at org.zkoss.zk.grails.web.ZULUrlMappingsFilter.doFilterInternal(ZULUrlMappingsFilter.java:131)
	at org.springframework.web.filter.OncePerRequestFilter.doFilter(OncePerRequestFilter.java:76)
	at org.apache.catalina.core.ApplicationFilterChain.internalDoFilter(ApplicationFilterChain.java:243)
	at org.apache.catalina.core.ApplicationFilterChain.doFilter(ApplicationFilterChain.java:210)
	at org.zkoss.zk.grails.web.ZKGrailsPageFilter.doFilter(ZKGrailsPageFilter.java:164)
	at org.apache.catalina.core.ApplicationFilterChain.internalDoFilter(ApplicationFilterChain.java:243)
	at org.apache.catalina.core.ApplicationFilterChain.doFilter(ApplicationFilterChain.java:210)
	at javax.servlet.FilterChain$doFilter.call(Unknown Source)
	at org.grails.plugin.resource.DevModeSanityFilter.doFilter(DevModeSanityFilter.groovy:44)
	at org.apache.catalina.core.ApplicationFilterChain.internalDoFilter(ApplicationFilterChain.java:243)
	at org.apache.catalina.core.ApplicationFilterChain.doFilter(ApplicationFilterChain.java:210)
	at org.springframework.security.web.FilterChainProxy$VirtualFilterChain.doFilter(FilterChainProxy.java:369)
	at org.springframework.security.web.access.intercept.FilterSecurityInterceptor.invoke(FilterSecurityInterceptor.java:109)
	at org.springframework.security.web.access.intercept.FilterSecurityInterceptor.doFilter(FilterSecurityInterceptor.java:83)
	at org.springframework.security.web.FilterChainProxy$VirtualFilterChain.doFilter(FilterChainProxy.java:381)
	at org.springframework.security.web.access.ExceptionTranslationFilter.doFilter(ExceptionTranslationFilter.java:97)
	at org.springframework.security.web.FilterChainProxy$VirtualFilterChain.doFilter(FilterChainProxy.java:381)
	at org.springframework.security.web.authentication.AnonymousAuthenticationFilter.doFilter(AnonymousAuthenticationFilter.java:78)
	at org.springframework.security.web.FilterChainProxy$VirtualFilterChain.doFilter(FilterChainProxy.java:381)
	at org.springframework.security.web.authentication.rememberme.RememberMeAuthenticationFilter.doFilter(RememberMeAuthenticationFilter.java:119)
	at org.springframework.security.web.FilterChainProxy$VirtualFilterChain.doFilter(FilterChainProxy.java:381)
	at org.springframework.security.web.servletapi.SecurityContextHolderAwareRequestFilter.doFilter(SecurityContextHolderAwareRequestFilter.java:54)
	at org.springframework.security.web.FilterChainProxy$VirtualFilterChain.doFilter(FilterChainProxy.java:381)
	at org.springframework.security.web.authentication.AbstractAuthenticationProcessingFilter.doFilter(AbstractAuthenticationProcessingFilter.java:187)
	at org.codehaus.groovy.grails.plugins.springsecurity.RequestHolderAuthenticationFilter.doFilter(RequestHolderAuthenticationFilter.java:40)
	at org.springframework.security.web.FilterChainProxy$VirtualFilterChain.doFilter(FilterChainProxy.java:381)
	at org.codehaus.groovy.grails.plugins.springsecurity.MutableLogoutFilter.doFilter(MutableLogoutFilter.java:79)
	at org.springframework.security.web.FilterChainProxy$VirtualFilterChain.doFilter(FilterChainProxy.java:381)
	at org.springframework.security.web.context.SecurityContextPersistenceFilter.doFilter(SecurityContextPersistenceFilter.java:79)
	at org.springframework.security.web.FilterChainProxy$VirtualFilterChain.doFilter(FilterChainProxy.java:381)
	at org.springframework.security.web.FilterChainProxy.doFilter(FilterChainProxy.java:168)
	at org.springframework.web.filter.DelegatingFilterProxy.invokeDelegate(DelegatingFilterProxy.java:346)
	at org.springframework.web.filter.DelegatingFilterProxy.doFilter(DelegatingFilterProxy.java:259)
	at org.apache.catalina.core.ApplicationFilterChain.internalDoFilter(ApplicationFilterChain.java:243)
	at org.apache.catalina.core.ApplicationFilterChain.doFilter(ApplicationFilterChain.java:210)
	at org.codehaus.groovy.grails.web.servlet.mvc.GrailsWebRequestFilter.doFilterInternal(GrailsWebRequestFilter.java:69)
	at org.springframework.web.filter.OncePerRequestFilter.doFilter(OncePerRequestFilter.java:76)
	at org.apache.catalina.core.ApplicationFilterChain.internalDoFilter(ApplicationFilterChain.java:243)
	at org.apache.catalina.core.ApplicationFilterChain.doFilter(ApplicationFilterChain.java:210)
	at org.codehaus.groovy.grails.web.filters.HiddenHttpMethodFilter.doFilterInternal(HiddenHttpMethodFilter.java:65)
	at org.springframework.web.filter.OncePerRequestFilter.doFilter(OncePerRequestFilter.java:76)
	at org.apache.catalina.core.ApplicationFilterChain.internalDoFilter(ApplicationFilterChain.java:243)
	at org.apache.catalina.core.ApplicationFilterChain.doFilter(ApplicationFilterChain.java:210)
	at org.zkoss.zk.grails.web.ZKGrailsOpenSessionInViewFilter.doFilterInternal(ZKGrailsOpenSessionInViewFilter.java:37)
	at org.springframework.web.filter.OncePerRequestFilter.doFilter(OncePerRequestFilter.java:76)
	at org.apache.catalina.core.ApplicationFilterChain.internalDoFilter(ApplicationFilterChain.java:243)
	at org.apache.catalina.core.ApplicationFilterChain.doFilter(ApplicationFilterChain.java:210)
	at org.springframework.web.filter.CharacterEncodingFilter.doFilterInternal(CharacterEncodingFilter.java:88)
	at org.springframework.web.filter.OncePerRequestFilter.doFilter(OncePerRequestFilter.java:76)
	at org.springframework.web.filter.DelegatingFilterProxy.invokeDelegate(DelegatingFilterProxy.java:346)
	at org.springframework.web.filter.DelegatingFilterProxy.doFilter(DelegatingFilterProxy.java:259)
	at org.apache.catalina.core.ApplicationFilterChain.internalDoFilter(ApplicationFilterChain.java:243)
	at org.apache.catalina.core.ApplicationFilterChain.doFilter(ApplicationFilterChain.java:210)
	at org.apache.catalina.core.StandardWrapperValve.invoke(StandardWrapperValve.java:224)
	at org.apache.catalina.core.StandardContextValve.invoke(StandardContextValve.java:169)
	at org.apache.catalina.core.StandardHostValve.invoke(StandardHostValve.java:168)
	at org.apache.catalina.valves.ErrorReportValve.invoke(ErrorReportValve.java:98)
	at org.apache.catalina.core.StandardEngineValve.invoke(StandardEngineValve.java:118)
	at org.apache.catalina.connector.CoyoteAdapter.service(CoyoteAdapter.java:407)
	at org.apache.coyote.http11.AbstractHttp11Processor.process(AbstractHttp11Processor.java:987)
	at org.apache.coyote.AbstractProtocol$AbstractConnectionHandler.process(AbstractProtocol.java:579)
	at org.apache.tomcat.util.net.JIoEndpoint$SocketProcessor.run(JIoEndpoint.java:309)
	at java.util.concurrent.ThreadPoolExecutor$Worker.runTask(ThreadPoolExecutor.java:886)
	at java.util.concurrent.ThreadPoolExecutor$Worker.run(ThreadPoolExecutor.java:908)
	at java.lang.Thread.run(Thread.java:662)
2012-04-06 14:52:26,364 [http-bio-8080-exec-6] ERROR StackTrace  - Full Stack Trace:
java.io.FileNotFoundException: ./grails-app/zul/zul/html/messagebox.zul (No such file or directory)
	at java.io.FileInputStream.<init>(FileInputStream.java:120)
	at java.io.FileInputStream.<init>(FileInputStream.java:79)
	at org.zkoss.web.util.resource.GrailsContentLoader.parse(GrailsContentLoader.java:148)
	at org.zkoss.web.util.resource.GrailsContentLoader.load(GrailsContentLoader.java:82)
	at org.zkoss.web.util.resource.GrailsContentLoader.load(GrailsContentLoader.java:41)
	at org.zkoss.util.resource.ResourceCache$Info.load(ResourceCache.java:226)
	at org.zkoss.util.resource.ResourceCache$Info.<init>(ResourceCache.java:201)
	at org.zkoss.util.resource.ResourceCache.get(ResourceCache.java:133)
	at org.zkoss.web.util.resource.ResourceCaches.get(ResourceCaches.java:100)
	at org.zkoss.zk.ui.metainfo.PageDefinitions.getPageDefinition(PageDefinitions.java:140)
	at org.zkoss.zk.ui.impl.AbstractUiFactory.getPageDefinition(AbstractUiFactory.java:158)
	at org.zkoss.zk.ui.http.ExecutionImpl.getPageDefinition(ExecutionImpl.java:368)
	at org.zkoss.zk.ui.impl.AbstractExecution.createComponents0(AbstractExecution.java:246)
	at org.zkoss.zk.ui.impl.AbstractExecution.createComponents(AbstractExecution.java:238)
	at org.zkoss.zk.ui.Executions.createComponents(Executions.java:179)
	at org.zkoss.zul.Messagebox.show(Messagebox.java:177)
	at org.zkoss.zul.Messagebox.show(Messagebox.java:417)
	at org.zkoss.zul.Messagebox.show(Messagebox.java:304)
	at assetCategory.AssetCategoryCRUDComposer$$ENTqGJhI.onClick_cmdSave(AssetCategoryCRUDComposer.groovy:53)
	at org.zkoss.zk.grails.composer.GrailsComposer.onEvent(GrailsComposer.java:196)
	at org.zkoss.zk.ui.AbstractComponent.onEvent(AbstractComponent.java:2741)
	at org.zkoss.zk.ui.AbstractComponent.service(AbstractComponent.java:2712)
	at org.zkoss.zk.ui.AbstractComponent.service(AbstractComponent.java:2653)
	at org.zkoss.zk.ui.impl.EventProcessor.process(EventProcessor.java:136)
	at org.zkoss.zk.ui.event.Events.sendEvent(Events.java:308)
	at org.zkoss.zk.ui.event.Events.sendEvent(Events.java:331)
	at org.zkoss.zk.ui.AbstractComponent$ForwardListener.onEvent(AbstractComponent.java:3179)
	at org.zkoss.zk.ui.AbstractComponent.onEvent(AbstractComponent.java:2741)
	at org.zkoss.zk.ui.AbstractComponent.service(AbstractComponent.java:2712)
	at org.zkoss.zk.ui.AbstractComponent.service(AbstractComponent.java:2653)
	at org.zkoss.zk.ui.impl.EventProcessor.process(EventProcessor.java:136)
	at org.zkoss.zk.ui.impl.UiEngineImpl.processEvent(UiEngineImpl.java:1699)
	at org.zkoss.zk.ui.impl.UiEngineImpl.process(UiEngineImpl.java:1484)
	at org.zkoss.zk.ui.impl.UiEngineImpl.execUpdate(UiEngineImpl.java:1201)
	at org.zkoss.zk.au.http.DHtmlUpdateServlet.process(DHtmlUpdateServlet.java:558)
	at org.zkoss.zk.au.http.DHtmlUpdateServlet.doGet(DHtmlUpdateServlet.java:456)
	at org.zkoss.zk.au.http.DHtmlUpdateServlet.doPost(DHtmlUpdateServlet.java:464)
	at org.zkoss.zk.grails.web.ZULUrlMappingsFilter.processFilterChain(ZULUrlMappingsFilter.java:387)
	at org.zkoss.zk.grails.web.ZULUrlMappingsFilter.doFilterInternal(ZULUrlMappingsFilter.java:131)
	at org.zkoss.zk.grails.web.ZKGrailsPageFilter.doFilter(ZKGrailsPageFilter.java:164)
	at org.zkoss.zk.grails.web.ZKGrailsOpenSessionInViewFilter.doFilterInternal(ZKGrailsOpenSessionInViewFilter.java:37)
	at java.util.concurrent.ThreadPoolExecutor$Worker.runTask(ThreadPoolExecutor.java:886)
	at java.util.concurrent.ThreadPoolExecutor$Worker.run(ThreadPoolExecutor.java:908)
	at java.lang.Thread.run(Thread.java:662)
2012-04-10 09:56:14,969 [http-bio-8080-exec-10] ERROR StackTrace  - Full Stack Trace:
org.springframework.security.core.userdetails.UsernameNotFoundException: User not found
	at sun.reflect.NativeConstructorAccessorImpl.newInstance0(Native Method)
	at sun.reflect.NativeConstructorAccessorImpl.newInstance(NativeConstructorAccessorImpl.java:39)
	at sun.reflect.DelegatingConstructorAccessorImpl.newInstance(DelegatingConstructorAccessorImpl.java:27)
	at java.lang.reflect.Constructor.newInstance(Constructor.java:513)
	at com.springsource.loaded.ri.ReflectiveInterceptor.jlrConstructorNewInstance(ReflectiveInterceptor.java:963)
	at org.codehaus.groovy.reflection.CachedConstructor.invoke(CachedConstructor.java:77)
	at org.codehaus.groovy.runtime.callsite.ConstructorSite$ConstructorSiteNoUnwrapNoCoerce.callConstructor(ConstructorSite.java:102)
	at org.codehaus.groovy.runtime.callsite.CallSiteArray.defaultCallConstructor(CallSiteArray.java:54)
	at org.codehaus.groovy.runtime.callsite.AbstractCallSite.callConstructor(AbstractCallSite.java:182)
	at org.codehaus.groovy.runtime.callsite.AbstractCallSite.callConstructor(AbstractCallSite.java:194)
	at org.codehaus.groovy.grails.plugins.springsecurity.GormUserDetailsService$_loadUserByUsername_closure1.doCall(GormUserDetailsService.groovy:62)
	at sun.reflect.NativeMethodAccessorImpl.invoke0(Native Method)
	at sun.reflect.NativeMethodAccessorImpl.invoke(NativeMethodAccessorImpl.java:39)
	at sun.reflect.DelegatingMethodAccessorImpl.invoke(DelegatingMethodAccessorImpl.java:25)
	at java.lang.reflect.Method.invoke(Method.java:597)
	at com.springsource.loaded.ri.ReflectiveInterceptor.jlrMethodInvoke(ReflectiveInterceptor.java:1237)
	at org.codehaus.groovy.reflection.CachedMethod.invoke(CachedMethod.java:90)
	at groovy.lang.MetaMethod.doMethodInvoke(MetaMethod.java:233)
	at groovy.lang.MetaClassImpl.invokeMethod(MetaClassImpl.java:1047)
	at groovy.lang.ExpandoMetaClass.invokeMethod(ExpandoMetaClass.java:1110)
	at groovy.lang.MetaClassImpl.invokeMethod(MetaClassImpl.java:877)
	at groovy.lang.Closure.call(Closure.java:412)
	at org.codehaus.groovy.runtime.ConvertedClosure.invokeCustom(ConvertedClosure.java:51)
	at org.codehaus.groovy.runtime.ConversionHandler.invoke(ConversionHandler.java:82)
	at $Proxy27.doInTransaction(Unknown Source)
	at org.springframework.transaction.support.TransactionTemplate.execute(TransactionTemplate.java:130)
	at sun.reflect.NativeMethodAccessorImpl.invoke0(Native Method)
	at sun.reflect.NativeMethodAccessorImpl.invoke(NativeMethodAccessorImpl.java:39)
	at sun.reflect.DelegatingMethodAccessorImpl.invoke(DelegatingMethodAccessorImpl.java:25)
	at java.lang.reflect.Method.invoke(Method.java:597)
	at com.springsource.loaded.ri.ReflectiveInterceptor.jlrMethodInvoke(ReflectiveInterceptor.java:1237)
	at org.codehaus.groovy.runtime.callsite.PojoMetaMethodSite$PojoCachedMethodSite.invoke(PojoMetaMethodSite.java:189)
	at org.codehaus.groovy.runtime.callsite.PojoMetaMethodSite.call(PojoMetaMethodSite.java:53)
	at org.codehaus.groovy.runtime.callsite.CallSiteArray.defaultCall(CallSiteArray.java:42)
	at org.codehaus.groovy.runtime.callsite.AbstractCallSite.call(AbstractCallSite.java:108)
	at org.codehaus.groovy.runtime.callsite.AbstractCallSite.call(AbstractCallSite.java:116)
	at org.grails.datastore.gorm.GormStaticApi.withTransaction(GormStaticApi.groovy:573)
	at openinventory.security.User.withTransaction(User.groovy)
	at openinventory.security.User$withTransaction.call(Unknown Source)
	at org.codehaus.groovy.runtime.callsite.CallSiteArray.defaultCall(CallSiteArray.java:42)
	at org.codehaus.groovy.runtime.callsite.AbstractCallSite.call(AbstractCallSite.java:108)
	at org.codehaus.groovy.runtime.callsite.AbstractCallSite.call(AbstractCallSite.java:116)
	at org.codehaus.groovy.grails.plugins.springsecurity.GormUserDetailsService.loadUserByUsername(GormUserDetailsService.groovy:58)
	at org.codehaus.groovy.grails.plugins.springsecurity.GormUserDetailsService.loadUserByUsername(GormUserDetailsService.groovy:76)
	at org.springframework.security.authentication.dao.DaoAuthenticationProvider.retrieveUser(DaoAuthenticationProvider.java:86)
	at org.springframework.security.authentication.dao.AbstractUserDetailsAuthenticationProvider.authenticate(AbstractUserDetailsAuthenticationProvider.java:129)
	at org.springframework.security.authentication.ProviderManager.doAuthentication(ProviderManager.java:130)
	at org.springframework.security.authentication.AbstractAuthenticationManager.authenticate(AbstractAuthenticationManager.java:48)
	at org.springframework.security.web.authentication.UsernamePasswordAuthenticationFilter.attemptAuthentication(UsernamePasswordAuthenticationFilter.java:97)
	at org.springframework.security.web.authentication.AbstractAuthenticationProcessingFilter.doFilter(AbstractAuthenticationProcessingFilter.java:199)
	at org.codehaus.groovy.grails.plugins.springsecurity.RequestHolderAuthenticationFilter.doFilter(RequestHolderAuthenticationFilter.java:40)
	at org.springframework.security.web.FilterChainProxy$VirtualFilterChain.doFilter(FilterChainProxy.java:381)
	at org.codehaus.groovy.grails.plugins.springsecurity.MutableLogoutFilter.doFilter(MutableLogoutFilter.java:79)
	at org.springframework.security.web.FilterChainProxy$VirtualFilterChain.doFilter(FilterChainProxy.java:381)
	at org.springframework.security.web.context.SecurityContextPersistenceFilter.doFilter(SecurityContextPersistenceFilter.java:79)
	at org.springframework.security.web.FilterChainProxy$VirtualFilterChain.doFilter(FilterChainProxy.java:381)
	at org.springframework.security.web.FilterChainProxy.doFilter(FilterChainProxy.java:168)
	at org.springframework.web.filter.DelegatingFilterProxy.invokeDelegate(DelegatingFilterProxy.java:346)
	at org.springframework.web.filter.DelegatingFilterProxy.doFilter(DelegatingFilterProxy.java:259)
	at org.apache.catalina.core.ApplicationFilterChain.internalDoFilter(ApplicationFilterChain.java:243)
	at org.apache.catalina.core.ApplicationFilterChain.doFilter(ApplicationFilterChain.java:210)
	at org.codehaus.groovy.grails.web.servlet.mvc.GrailsWebRequestFilter.doFilterInternal(GrailsWebRequestFilter.java:69)
	at org.springframework.web.filter.OncePerRequestFilter.doFilter(OncePerRequestFilter.java:76)
	at org.apache.catalina.core.ApplicationFilterChain.internalDoFilter(ApplicationFilterChain.java:243)
	at org.apache.catalina.core.ApplicationFilterChain.doFilter(ApplicationFilterChain.java:210)
	at org.codehaus.groovy.grails.web.filters.HiddenHttpMethodFilter.doFilterInternal(HiddenHttpMethodFilter.java:65)
	at org.springframework.web.filter.OncePerRequestFilter.doFilter(OncePerRequestFilter.java:76)
	at org.apache.catalina.core.ApplicationFilterChain.internalDoFilter(ApplicationFilterChain.java:243)
	at org.apache.catalina.core.ApplicationFilterChain.doFilter(ApplicationFilterChain.java:210)
	at org.springframework.web.filter.CharacterEncodingFilter.doFilterInternal(CharacterEncodingFilter.java:88)
	at org.springframework.web.filter.OncePerRequestFilter.doFilter(OncePerRequestFilter.java:76)
	at org.springframework.web.filter.DelegatingFilterProxy.invokeDelegate(DelegatingFilterProxy.java:346)
	at org.springframework.web.filter.DelegatingFilterProxy.doFilter(DelegatingFilterProxy.java:259)
	at org.apache.catalina.core.ApplicationFilterChain.internalDoFilter(ApplicationFilterChain.java:243)
	at org.apache.catalina.core.ApplicationFilterChain.doFilter(ApplicationFilterChain.java:210)
	at org.apache.catalina.core.StandardWrapperValve.invoke(StandardWrapperValve.java:224)
	at org.apache.catalina.core.StandardContextValve.invoke(StandardContextValve.java:169)
	at org.apache.catalina.core.StandardHostValve.invoke(StandardHostValve.java:168)
	at org.apache.catalina.valves.ErrorReportValve.invoke(ErrorReportValve.java:98)
	at org.apache.catalina.core.StandardEngineValve.invoke(StandardEngineValve.java:118)
	at org.apache.catalina.connector.CoyoteAdapter.service(CoyoteAdapter.java:407)
	at org.apache.coyote.http11.AbstractHttp11Processor.process(AbstractHttp11Processor.java:987)
	at org.apache.coyote.AbstractProtocol$AbstractConnectionHandler.process(AbstractProtocol.java:579)
	at org.apache.tomcat.util.net.JIoEndpoint$SocketProcessor.run(JIoEndpoint.java:309)
	at java.util.concurrent.ThreadPoolExecutor$Worker.runTask(ThreadPoolExecutor.java:886)
	at java.util.concurrent.ThreadPoolExecutor$Worker.run(ThreadPoolExecutor.java:908)
	at java.lang.Thread.run(Thread.java:662)
2012-04-10 09:56:14,982 [http-bio-8080-exec-10] ERROR StackTrace  - Full Stack Trace:
org.springframework.security.core.userdetails.UsernameNotFoundException: User not found
	at org.grails.datastore.gorm.GormStaticApi.withTransaction(GormStaticApi.groovy:573)
	at java.util.concurrent.ThreadPoolExecutor$Worker.runTask(ThreadPoolExecutor.java:886)
	at java.util.concurrent.ThreadPoolExecutor$Worker.run(ThreadPoolExecutor.java:908)
	at java.lang.Thread.run(Thread.java:662)
